D:\Documents\GitHub\IDTech\GamificacaoTech\app.js
D:\Documents\GitHub\IDTech\GamificacaoTech\app.js.map
D:\Documents\GitHub\IDTech\GamificacaoTech\infra\sql.js
D:\Documents\GitHub\IDTech\GamificacaoTech\infra\sql.js.map
D:\Documents\GitHub\IDTech\GamificacaoTech\utils\geradorHash.js
D:\Documents\GitHub\IDTech\GamificacaoTech\utils\geradorHash.js.map
D:\Documents\GitHub\IDTech\GamificacaoTech\models\Achievement.js
D:\Documents\GitHub\IDTech\GamificacaoTech\models\Achievement.js.map
D:\Documents\GitHub\IDTech\GamificacaoTech\models\AchievementUsuario.js
D:\Documents\GitHub\IDTech\GamificacaoTech\models\AchievementUsuario.js.map
D:\Documents\GitHub\IDTech\GamificacaoTech\models\Area.js
D:\Documents\GitHub\IDTech\GamificacaoTech\models\Area.js.map
D:\Documents\GitHub\IDTech\GamificacaoTech\models\Habilidade.js
D:\Documents\GitHub\IDTech\GamificacaoTech\models\Habilidade.js.map
D:\Documents\GitHub\IDTech\GamificacaoTech\models\Informacao.js
D:\Documents\GitHub\IDTech\GamificacaoTech\models\Informacao.js.map
D:\Documents\GitHub\IDTech\GamificacaoTech\models\ItemUsuario.js
D:\Documents\GitHub\IDTech\GamificacaoTech\models\ItemUsuario.js.map
D:\Documents\GitHub\IDTech\GamificacaoTech\models\Noticia.js
D:\Documents\GitHub\IDTech\GamificacaoTech\models\Noticia.js.map
D:\Documents\GitHub\IDTech\GamificacaoTech\models\Projeto.js
D:\Documents\GitHub\IDTech\GamificacaoTech\models\Projeto.js.map
D:\Documents\GitHub\IDTech\GamificacaoTech\models\TipoProjeto.js
D:\Documents\GitHub\IDTech\GamificacaoTech\models\TipoProjeto.js.map
D:\Documents\GitHub\IDTech\GamificacaoTech\models\Usuario.js
D:\Documents\GitHub\IDTech\GamificacaoTech\models\Usuario.js.map
D:\Documents\GitHub\IDTech\GamificacaoTech\models\UsuarioHabilidade.js
D:\Documents\GitHub\IDTech\GamificacaoTech\models\UsuarioHabilidade.js.map
D:\Documents\GitHub\IDTech\GamificacaoTech\routes\admin.js
D:\Documents\GitHub\IDTech\GamificacaoTech\routes\admin.js.map
D:\Documents\GitHub\IDTech\GamificacaoTech\routes\home.js
D:\Documents\GitHub\IDTech\GamificacaoTech\routes\home.js.map
D:\Documents\GitHub\IDTech\GamificacaoTech\utils\requests.js
D:\Documents\GitHub\IDTech\GamificacaoTech\utils\requests.js.map
D:\Documents\GitHub\IDTech\GamificacaoTech\routes\api\achievement.js
D:\Documents\GitHub\IDTech\GamificacaoTech\routes\api\achievement.js.map
D:\Documents\GitHub\IDTech\GamificacaoTech\routes\api\habilidadeUsuario.js
D:\Documents\GitHub\IDTech\GamificacaoTech\routes\api\habilidadeUsuario.js.map
D:\Documents\GitHub\IDTech\GamificacaoTech\routes\api\informacao.js
D:\Documents\GitHub\IDTech\GamificacaoTech\routes\api\informacao.js.map
D:\Documents\GitHub\IDTech\GamificacaoTech\routes\api\projeto.js
D:\Documents\GitHub\IDTech\GamificacaoTech\routes\api\projeto.js.map
D:\Documents\GitHub\IDTech\GamificacaoTech\routes\api\usuario.js
D:\Documents\GitHub\IDTech\GamificacaoTech\routes\api\usuario.js.map
